TN:
SF:src\actions\ApiActions.ts
FN:21,setAccessAndRefreshToken
FNF:1
FNH:1
FNDA:2,setAccessAndRefreshToken
DA:1,1
DA:2,1
DA:3,1
DA:4,1
DA:5,1
DA:6,1
DA:7,1
DA:8,1
DA:9,1
DA:10,1
DA:11,1
DA:12,1
DA:13,1
DA:14,1
DA:15,1
DA:16,1
DA:17,1
DA:18,1
DA:19,1
DA:20,1
DA:21,2
DA:22,2
DA:23,2
DA:24,2
DA:25,1
DA:26,1
DA:27,1
DA:28,1
DA:29,1
DA:30,1
DA:31,1
DA:32,1
DA:33,1
DA:34,1
DA:35,1
DA:36,1
DA:37,1
DA:38,1
DA:39,1
DA:40,1
DA:41,1
DA:42,1
DA:43,1
DA:44,1
DA:45,1
DA:46,1
DA:47,1
DA:48,1
DA:49,1
DA:50,1
DA:51,1
DA:52,1
DA:53,1
DA:54,2
DA:55,1
DA:56,1
DA:57,2
DA:58,1
DA:59,1
DA:60,1
DA:61,1
DA:62,1
DA:63,2
DA:64,1
DA:65,1
DA:66,2
DA:67,1
DA:68,1
DA:69,1
DA:70,1
DA:71,1
DA:72,1
DA:73,1
DA:74,1
DA:75,1
DA:76,1
DA:77,0
DA:78,1
DA:79,1
DA:80,1
DA:81,1
DA:82,1
DA:83,1
DA:84,1
DA:85,1
DA:86,1
DA:87,1
DA:88,1
DA:89,1
DA:90,1
DA:91,1
DA:92,1
DA:93,2
DA:94,1
DA:95,1
DA:96,1
DA:97,2
DA:98,1
DA:99,1
DA:100,1
DA:101,1
DA:102,1
DA:103,0
DA:104,0
DA:105,0
DA:106,0
DA:107,0
DA:108,0
DA:109,0
DA:110,0
DA:111,1
LF:111
LH:102
BRDA:21,0,0,2
BRDA:28,1,0,2
BRDA:28,2,0,2
BRDA:28,3,0,4
BRDA:28,4,0,2
BRDA:28,5,0,2
BRDA:33,6,0,2
BRDA:33,7,0,2
BRDA:33,8,0,4
BRDA:33,9,0,2
BRDA:33,10,0,2
BRDA:38,11,0,2
BRDA:38,12,0,2
BRDA:38,13,0,4
BRDA:38,14,0,2
BRDA:38,15,0,2
BRDA:43,16,0,2
BRDA:43,17,0,2
BRDA:43,18,0,4
BRDA:43,19,0,2
BRDA:43,20,0,2
BRDA:48,21,0,2
BRDA:48,22,0,2
BRDA:48,23,0,4
BRDA:48,24,0,2
BRDA:48,25,0,2
BRDA:53,26,0,2
BRDA:53,27,0,2
BRDA:54,28,0,2
BRDA:54,29,0,2
BRDA:54,30,0,1
BRDA:62,31,0,2
BRDA:62,32,0,2
BRDA:63,33,0,2
BRDA:63,34,0,2
BRDA:63,35,0,1
BRDA:71,36,0,2
BRDA:71,37,0,2
BRDA:71,38,0,4
BRDA:71,39,0,2
BRDA:71,40,0,2
BRDA:82,41,0,2
BRDA:82,42,0,2
BRDA:82,43,0,4
BRDA:82,44,0,2
BRDA:82,45,0,2
BRDA:87,46,0,2
BRDA:87,47,0,2
BRDA:87,48,0,4
BRDA:87,49,0,2
BRDA:87,50,0,2
BRDA:92,51,0,2
BRDA:93,52,0,2
BRDA:93,53,0,2
BRDA:93,54,0,1
BRF:55
BRH:55
end_of_record
TN:
SF:src\slices\constructor\constructorSlice.ts
FN:22,getConstructorIngredients
FN:23,getConstructorBread
FN:24,getNewOrder
FN:27,addIngredient
FN:36,deleteIngredient
FN:41,upIngredient
FN:53,downIngredient
FN:65,clearConstructor
FNF:8
FNH:4
FNDA:0,getConstructorIngredients
FNDA:0,getConstructorBread
FNDA:0,getNewOrder
FNDA:1,addIngredient
FNDA:1,deleteIngredient
FNDA:1,upIngredient
FNDA:1,downIngredient
FNDA:0,clearConstructor
DA:1,1
DA:2,1
DA:3,1
DA:4,1
DA:5,1
DA:6,1
DA:7,1
DA:8,1
DA:9,1
DA:10,1
DA:11,1
DA:12,1
DA:13,1
DA:14,1
DA:15,1
DA:16,1
DA:17,1
DA:18,1
DA:19,1
DA:20,1
DA:21,1
DA:22,1
DA:23,1
DA:24,1
DA:25,1
DA:26,1
DA:27,1
DA:28,1
DA:29,0
DA:30,1
DA:31,1
DA:32,1
DA:33,1
DA:34,1
DA:35,1
DA:36,1
DA:37,1
DA:38,1
DA:39,1
DA:40,1
DA:41,1
DA:42,1
DA:43,1
DA:44,1
DA:45,1
DA:46,1
DA:47,1
DA:48,1
DA:49,1
DA:50,1
DA:51,1
DA:52,1
DA:53,1
DA:54,1
DA:55,1
DA:56,2
DA:57,2
DA:58,2
DA:59,1
DA:60,1
DA:61,1
DA:62,1
DA:63,2
DA:64,1
DA:65,1
DA:66,0
DA:67,0
DA:68,0
DA:69,1
DA:70,1
DA:71,1
DA:72,1
DA:73,1
DA:74,1
DA:75,1
DA:76,1
DA:77,1
DA:78,1
DA:79,1
DA:80,1
DA:81,1
DA:82,1
LF:82
LH:78
BRDA:27,0,0,1
BRDA:28,1,0,0
BRDA:36,2,0,1
BRDA:41,3,0,1
BRDA:53,4,0,1
BRDA:55,5,0,2
BRDA:58,6,0,1
BRF:7
BRH:6
end_of_record
TN:
SF:src\slices\feed\feedSlice.ts
FN:29,getFeedsList
FN:30,getTotal
FN:31,getTotalToday
FN:32,getIsLoadFeed
FN:33,getErrorFeed
FN:34,getCurrentOrder
FN:36,extraReducers
FNF:7
FNH:1
FNDA:0,getFeedsList
FNDA:0,getTotal
FNDA:0,getTotalToday
FNDA:0,getIsLoadFeed
FNDA:0,getErrorFeed
FNDA:0,getCurrentOrder
FNDA:1,extraReducers
DA:1,1
DA:2,1
DA:3,1
DA:4,1
DA:5,1
DA:6,1
DA:7,1
DA:8,1
DA:9,1
DA:10,1
DA:11,1
DA:12,1
DA:13,1
DA:14,1
DA:15,1
DA:16,1
DA:17,1
DA:18,1
DA:19,1
DA:20,1
DA:21,1
DA:22,1
DA:23,1
DA:24,1
DA:25,1
DA:26,1
DA:27,1
DA:28,1
DA:29,1
DA:30,1
DA:31,1
DA:32,1
DA:33,1
DA:34,1
DA:35,1
DA:36,1
DA:37,1
DA:38,2
DA:39,2
DA:40,1
DA:41,1
DA:42,1
DA:43,1
DA:44,1
DA:45,1
DA:46,1
DA:47,1
DA:48,1
DA:49,1
DA:50,1
DA:51,1
DA:52,2
DA:53,2
DA:54,1
DA:55,1
DA:56,1
DA:57,1
DA:58,1
DA:59,1
DA:60,1
DA:61,1
DA:62,1
DA:63,1
DA:64,2
DA:65,2
DA:66,1
DA:67,1
DA:68,1
DA:69,1
DA:70,1
DA:71,1
DA:72,1
DA:73,1
DA:74,1
DA:75,1
DA:76,1
DA:77,1
DA:78,1
DA:79,1
LF:79
LH:79
BRDA:36,0,0,1
BRDA:37,1,0,2
BRDA:41,2,0,1
BRDA:46,3,0,1
BRDA:47,4,0,0
BRDA:50,5,0,1
BRDA:51,6,0,2
BRDA:59,7,0,1
BRDA:60,8,0,0
BRDA:63,9,0,2
BRF:10
BRH:8
end_of_record
TN:
SF:src\slices\ingredients\ingredientsSlice.ts
FN:23,getIngredientsList
FN:24,getIsLoadIngredients
FN:25,getErrorIngredients
FN:27,extraReducers
FNF:4
FNH:1
FNDA:0,getIngredientsList
FNDA:0,getIsLoadIngredients
FNDA:0,getErrorIngredients
FNDA:1,extraReducers
DA:1,1
DA:2,1
DA:3,1
DA:4,1
DA:5,1
DA:6,1
DA:7,1
DA:8,1
DA:9,1
DA:10,1
DA:11,1
DA:12,1
DA:13,1
DA:14,1
DA:15,1
DA:16,1
DA:17,1
DA:18,1
DA:19,1
DA:20,1
DA:21,1
DA:22,1
DA:23,1
DA:24,1
DA:25,1
DA:26,1
DA:27,1
DA:28,1
DA:29,2
DA:30,2
DA:31,1
DA:32,1
DA:33,1
DA:34,1
DA:35,1
DA:36,1
DA:37,1
DA:38,1
DA:39,1
DA:40,1
DA:41,1
DA:42,1
DA:43,1
DA:44,1
DA:45,1
DA:46,1
DA:47,1
LF:47
LH:47
BRDA:27,0,0,1
BRDA:28,1,0,2
BRDA:32,2,0,1
BRDA:37,3,0,1
BRDA:38,4,0,0
BRF:5
BRH:4
end_of_record
TN:
SF:src\slices\order\orderSlice.ts
FN:23,getIsLoadOrder
FN:24,getErrorOrder
FN:25,getSuccessOrder
FN:28,addIngredientIdToOrder
FN:31,deleteIngredientIdFromOrder
FN:36,clearSuccessOrder
FN:40,extraReducers
FNF:7
FNH:1
FNDA:0,getIsLoadOrder
FNDA:0,getErrorOrder
FNDA:0,getSuccessOrder
FNDA:0,addIngredientIdToOrder
FNDA:0,deleteIngredientIdFromOrder
FNDA:0,clearSuccessOrder
FNDA:1,extraReducers
DA:1,1
DA:2,1
DA:3,1
DA:4,1
DA:5,1
DA:6,1
DA:7,1
DA:8,1
DA:9,1
DA:10,1
DA:11,1
DA:12,1
DA:13,1
DA:14,1
DA:15,1
DA:16,1
DA:17,1
DA:18,1
DA:19,1
DA:20,1
DA:21,1
DA:22,1
DA:23,1
DA:24,1
DA:25,1
DA:26,1
DA:27,1
DA:28,1
DA:29,0
DA:30,1
DA:31,1
DA:32,0
DA:33,0
DA:34,0
DA:35,1
DA:36,1
DA:37,0
DA:38,0
DA:39,1
DA:40,1
DA:41,1
DA:42,1
DA:43,1
DA:44,1
DA:45,1
DA:46,1
DA:47,1
DA:48,1
DA:49,1
DA:50,1
DA:51,1
DA:52,2
DA:53,2
DA:54,1
DA:55,1
DA:56,1
DA:57,1
DA:58,1
DA:59,1
DA:60,1
DA:61,1
DA:62,1
DA:63,1
DA:64,1
DA:65,1
DA:66,1
LF:66
LH:60
BRDA:40,0,0,1
BRDA:42,1,0,1
BRDA:47,2,0,1
BRDA:48,3,0,0
BRDA:51,4,0,2
BRF:5
BRH:4
end_of_record
TN:
SF:src\slices\user\userSlice.ts
FN:45,checkAuthTrue
FN:48,clearUserInfo
FN:57,getUserInfo
FN:58,getIsLoadUserInfo
FN:59,getErrorLogin
FN:60,getErrorRegister
FN:61,getErrorForgot
FN:62,getIsChekedAuth
FN:63,getIsAuth
FN:66,extraReducers
FNF:10
FNH:2
FNDA:0,checkAuthTrue
FNDA:1,clearUserInfo
FNDA:0,getUserInfo
FNDA:0,getIsLoadUserInfo
FNDA:0,getErrorLogin
FNDA:0,getErrorRegister
FNDA:0,getErrorForgot
FNDA:0,getIsChekedAuth
FNDA:0,getIsAuth
FNDA:1,extraReducers
DA:1,1
DA:2,1
DA:3,1
DA:4,1
DA:5,1
DA:6,1
DA:7,1
DA:8,1
DA:9,1
DA:10,1
DA:11,1
DA:12,1
DA:13,1
DA:14,1
DA:15,1
DA:16,1
DA:17,1
DA:18,1
DA:19,1
DA:20,1
DA:21,1
DA:22,1
DA:23,1
DA:24,1
DA:25,1
DA:26,1
DA:27,1
DA:28,1
DA:29,1
DA:30,1
DA:31,1
DA:32,1
DA:33,1
DA:34,1
DA:35,1
DA:36,1
DA:37,1
DA:38,1
DA:39,1
DA:40,1
DA:41,1
DA:42,1
DA:43,1
DA:44,1
DA:45,1
DA:46,0
DA:47,1
DA:48,1
DA:49,1
DA:50,1
DA:51,1
DA:52,1
DA:53,1
DA:54,1
DA:55,1
DA:56,1
DA:57,1
DA:58,1
DA:59,1
DA:60,1
DA:61,1
DA:62,1
DA:63,1
DA:64,1
DA:65,1
DA:66,1
DA:67,1
DA:68,1
DA:69,2
DA:70,1
DA:71,1
DA:72,1
DA:73,1
DA:74,1
DA:75,1
DA:76,1
DA:77,1
DA:78,1
DA:79,1
DA:80,1
DA:81,2
DA:82,1
DA:83,1
DA:84,1
DA:85,1
DA:86,1
DA:87,1
DA:88,1
DA:89,1
DA:90,1
DA:91,1
DA:92,1
DA:93,1
DA:94,2
DA:95,1
DA:96,1
DA:97,1
DA:98,1
DA:99,1
DA:100,1
DA:101,1
DA:102,1
DA:103,1
DA:104,1
DA:105,1
DA:106,1
DA:107,2
DA:108,1
DA:109,1
DA:110,1
DA:111,1
DA:112,1
DA:113,1
DA:114,1
DA:115,1
DA:116,1
DA:117,1
DA:118,1
DA:119,2
DA:120,2
DA:121,1
DA:122,1
DA:123,1
DA:124,1
DA:125,1
DA:126,1
DA:127,1
DA:128,1
DA:129,1
DA:130,1
DA:131,1
DA:132,1
DA:133,1
DA:134,1
DA:135,1
DA:136,2
DA:137,1
DA:138,1
DA:139,1
DA:140,1
DA:141,1
DA:142,1
DA:143,1
DA:144,1
DA:145,1
DA:146,1
DA:147,1
DA:148,1
DA:149,1
DA:150,1
DA:151,1
DA:152,1
DA:153,1
DA:154,1
DA:155,1
DA:156,1
DA:157,1
DA:158,1
DA:159,1
DA:160,1
DA:161,1
LF:161
LH:160
BRDA:48,0,0,1
BRDA:66,1,0,1
BRDA:68,2,0,2
BRDA:71,3,0,1
BRDA:75,4,0,1
BRDA:77,5,0,0
BRDA:80,6,0,2
BRDA:83,7,0,1
BRDA:88,8,0,1
BRDA:89,9,0,0
BRDA:93,10,0,2
BRDA:96,11,0,1
BRDA:101,12,0,1
BRDA:102,13,0,0
BRDA:106,14,0,2
BRDA:109,15,0,1
BRDA:114,16,0,1
BRDA:115,17,0,0
BRDA:118,18,0,2
BRDA:122,19,0,1
BRDA:130,20,0,1
BRDA:132,21,0,0
BRDA:135,22,0,2
BRDA:138,23,0,1
BRDA:142,24,0,1
BRDA:143,25,0,0
BRF:26
BRH:20
end_of_record
TN:
SF:src\slices\userOrders\userOrdersSlice.ts
FN:23,getUserOrders
FN:24,getIsLoadUserOrders
FN:25,getErrorUserOrders
FN:27,extraReducers
FNF:4
FNH:1
FNDA:0,getUserOrders
FNDA:0,getIsLoadUserOrders
FNDA:0,getErrorUserOrders
FNDA:1,extraReducers
DA:1,1
DA:2,1
DA:3,1
DA:4,1
DA:5,1
DA:6,1
DA:7,1
DA:8,1
DA:9,1
DA:10,1
DA:11,1
DA:12,1
DA:13,1
DA:14,1
DA:15,1
DA:16,1
DA:17,1
DA:18,1
DA:19,1
DA:20,1
DA:21,1
DA:22,1
DA:23,1
DA:24,1
DA:25,1
DA:26,1
DA:27,1
DA:28,1
DA:29,1
DA:30,1
DA:31,1
DA:32,1
DA:33,1
DA:34,1
DA:35,1
DA:36,1
DA:37,1
DA:38,2
DA:39,2
DA:40,1
DA:41,1
DA:42,1
DA:43,1
DA:44,1
DA:45,1
DA:46,1
DA:47,1
LF:47
LH:47
BRDA:27,0,0,1
BRDA:28,1,0,1
BRDA:33,2,0,1
BRDA:34,3,0,0
BRDA:37,4,0,2
BRF:5
BRH:4
end_of_record
TN:
SF:src\utils\burger-api.ts
FN:7,checkResponse
FN:19,refreshToken
FN:39,fetchWithRefresh
FN:75,getIngredientsApi
FN:88,getFeedsApi
FN:96,getOrdersApi
FN:113,orderBurgerApi
FN:132,getOrderByNumberApi
FN:152,registerUserApi
FN:171,loginUserApi
FN:185,forgotPasswordApi
FN:199,resetPasswordApi
FN:215,getUserApi
FN:222,updateUserApi
FN:232,logoutApi
FNF:15
FNH:0
FNDA:0,checkResponse
FNDA:0,refreshToken
FNDA:0,fetchWithRefresh
FNDA:0,getIngredientsApi
FNDA:0,getFeedsApi
FNDA:0,getOrdersApi
FNDA:0,orderBurgerApi
FNDA:0,getOrderByNumberApi
FNDA:0,registerUserApi
FNDA:0,loginUserApi
FNDA:0,forgotPasswordApi
FNDA:0,resetPasswordApi
FNDA:0,getUserApi
FNDA:0,updateUserApi
FNDA:0,logoutApi
DA:1,1
DA:2,1
DA:3,1
DA:4,1
DA:5,1
DA:6,1
DA:7,1
DA:8,0
DA:9,1
DA:10,1
DA:11,1
DA:12,1
DA:13,1
DA:14,1
DA:15,1
DA:16,1
DA:17,1
DA:18,1
DA:19,1
DA:20,0
DA:21,0
DA:22,0
DA:23,0
DA:24,0
DA:25,0
DA:26,0
DA:27,0
DA:28,0
DA:29,0
DA:30,0
DA:31,0
DA:32,0
DA:33,0
DA:34,0
DA:35,0
DA:36,0
DA:37,0
DA:38,1
DA:39,1
DA:40,0
DA:41,0
DA:42,0
DA:43,0
DA:44,0
DA:45,0
DA:46,0
DA:47,0
DA:48,0
DA:49,0
DA:50,0
DA:51,0
DA:52,0
DA:53,0
DA:54,0
DA:55,0
DA:56,0
DA:57,0
DA:58,0
DA:59,0
DA:60,1
DA:61,1
DA:62,1
DA:63,1
DA:64,1
DA:65,1
DA:66,1
DA:67,1
DA:68,1
DA:69,1
DA:70,1
DA:71,1
DA:72,1
DA:73,1
DA:74,1
DA:75,1
DA:76,0
DA:77,0
DA:78,0
DA:79,0
DA:80,0
DA:81,0
DA:82,0
DA:83,0
DA:84,0
DA:85,0
DA:86,0
DA:87,1
DA:88,1
DA:89,0
DA:90,0
DA:91,0
DA:92,0
DA:93,0
DA:94,0
DA:95,1
DA:96,1
DA:97,0
DA:98,0
DA:99,0
DA:100,0
DA:101,0
DA:102,0
DA:103,0
DA:104,0
DA:105,0
DA:106,0
DA:107,1
DA:108,1
DA:109,1
DA:110,1
DA:111,1
DA:112,1
DA:113,1
DA:114,0
DA:115,0
DA:116,0
DA:117,0
DA:118,0
DA:119,0
DA:120,0
DA:121,0
DA:122,0
DA:123,0
DA:124,0
DA:125,0
DA:126,0
DA:127,1
DA:128,1
DA:129,1
DA:130,1
DA:131,1
DA:132,1
DA:133,0
DA:134,0
DA:135,0
DA:136,0
DA:137,0
DA:138,0
DA:139,1
DA:140,1
DA:141,1
DA:142,1
DA:143,1
DA:144,1
DA:145,1
DA:146,1
DA:147,1
DA:148,1
DA:149,1
DA:150,1
DA:151,1
DA:152,1
DA:153,0
DA:154,0
DA:155,0
DA:156,0
DA:157,0
DA:158,0
DA:159,0
DA:160,0
DA:161,0
DA:162,0
DA:163,0
DA:164,0
DA:165,1
DA:166,1
DA:167,1
DA:168,1
DA:169,1
DA:170,1
DA:171,1
DA:172,0
DA:173,0
DA:174,0
DA:175,0
DA:176,0
DA:177,0
DA:178,0
DA:179,0
DA:180,0
DA:181,0
DA:182,0
DA:183,0
DA:184,1
DA:185,1
DA:186,0
DA:187,0
DA:188,0
DA:189,0
DA:190,0
DA:191,0
DA:192,0
DA:193,0
DA:194,0
DA:195,0
DA:196,0
DA:197,0
DA:198,1
DA:199,1
DA:200,0
DA:201,0
DA:202,0
DA:203,0
DA:204,0
DA:205,0
DA:206,0
DA:207,0
DA:208,0
DA:209,0
DA:210,0
DA:211,0
DA:212,1
DA:213,1
DA:214,1
DA:215,1
DA:216,0
DA:217,0
DA:218,0
DA:219,0
DA:220,0
DA:221,1
DA:222,1
DA:223,0
DA:224,0
DA:225,0
DA:226,0
DA:227,0
DA:228,0
DA:229,0
DA:230,0
DA:231,1
DA:232,1
DA:233,0
DA:234,0
DA:235,0
DA:236,0
DA:237,0
DA:238,0
DA:239,0
DA:240,0
DA:241,0
DA:242,1
DA:243,1
DA:244,1
DA:245,1
DA:246,1
DA:247,1
DA:248,1
DA:249,1
DA:250,1
DA:251,1
DA:252,1
DA:253,1
DA:254,1
DA:255,1
DA:256,1
LF:256
LH:101
BRF:0
BRH:0
end_of_record
TN:
SF:src\utils\cookie.ts
FN:1,getCookie
FN:13,setCookie
FN:45,deleteCookie
FNF:3
FNH:1
FNDA:0,getCookie
FNDA:3,setCookie
FNDA:0,deleteCookie
DA:1,0
DA:2,0
DA:3,0
DA:4,0
DA:5,0
DA:6,0
DA:7,0
DA:8,0
DA:9,0
DA:10,0
DA:11,0
DA:12,1
DA:13,3
DA:14,3
DA:15,3
DA:16,3
DA:17,3
DA:18,3
DA:19,3
DA:20,3
DA:21,3
DA:22,3
DA:23,3
DA:24,3
DA:25,1
DA:26,1
DA:27,1
DA:28,1
DA:29,3
DA:30,3
DA:31,1
DA:32,1
DA:33,3
DA:34,3
DA:35,3
DA:36,4
DA:37,4
DA:38,4
DA:39,4
DA:40,4
DA:41,4
DA:42,3
DA:43,3
DA:44,1
DA:45,0
DA:46,0
DA:47,0
LF:47
LH:33
BRDA:13,0,0,3
BRDA:16,1,0,2
BRDA:24,2,0,1
BRDA:24,3,0,1
BRDA:30,4,0,1
BRDA:30,5,0,1
BRDA:35,6,0,4
BRF:7
BRH:7
end_of_record
